Determining if the pthread_create exist failed with the following output:
Change Dir: /home/he/ROS_Code/dua_velodye/build/CMakeFiles/CMakeTmp

Run Build Command:"/usr/bin/make" "cmTC_59b52/fast"
/usr/bin/make -f CMakeFiles/cmTC_59b52.dir/build.make CMakeFiles/cmTC_59b52.dir/build
make[1]: Entering directory '/home/he/ROS_Code/dua_velodye/build/CMakeFiles/CMakeTmp'
Building C object CMakeFiles/cmTC_59b52.dir/CheckSymbolExists.c.o
/usr/bin/cc     -o CMakeFiles/cmTC_59b52.dir/CheckSymbolExists.c.o   -c /home/he/ROS_Code/dua_velodye/build/CMakeFiles/CMakeTmp/CheckSymbolExists.c
Linking C executable cmTC_59b52
/usr/bin/cmake -E cmake_link_script CMakeFiles/cmTC_59b52.dir/link.txt --verbose=1
/usr/bin/cc       CMakeFiles/cmTC_59b52.dir/CheckSymbolExists.c.o  -o cmTC_59b52 -rdynamic 
CMakeFiles/cmTC_59b52.dir/CheckSymbolExists.c.o：在函数‘main’中：
CheckSymbolExists.c:(.text+0x16)：对‘pthread_create’未定义的引用
collect2: error: ld returned 1 exit status
CMakeFiles/cmTC_59b52.dir/build.make:97: recipe for target 'cmTC_59b52' failed
make[1]: *** [cmTC_59b52] Error 1
make[1]: Leaving directory '/home/he/ROS_Code/dua_velodye/build/CMakeFiles/CMakeTmp'
Makefile:126: recipe for target 'cmTC_59b52/fast' failed
make: *** [cmTC_59b52/fast] Error 2

File /home/he/ROS_Code/dua_velodye/build/CMakeFiles/CMakeTmp/CheckSymbolExists.c:
/* */
#include <pthread.h>

int main(int argc, char** argv)
{
  (void)argv;
#ifndef pthread_create
  return ((int*)(&pthread_create))[argc];
#else
  (void)argc;
  return 0;
#endif
}

Determining if the function pthread_create exists in the pthreads failed with the following output:
Change Dir: /home/he/ROS_Code/dua_velodye/build/CMakeFiles/CMakeTmp

Run Build Command:"/usr/bin/make" "cmTC_584ba/fast"
/usr/bin/make -f CMakeFiles/cmTC_584ba.dir/build.make CMakeFiles/cmTC_584ba.dir/build
make[1]: Entering directory '/home/he/ROS_Code/dua_velodye/build/CMakeFiles/CMakeTmp'
Building C object CMakeFiles/cmTC_584ba.dir/CheckFunctionExists.c.o
/usr/bin/cc    -DCHECK_FUNCTION_EXISTS=pthread_create   -o CMakeFiles/cmTC_584ba.dir/CheckFunctionExists.c.o   -c /usr/share/cmake-3.5/Modules/CheckFunctionExists.c
Linking C executable cmTC_584ba
/usr/bin/cmake -E cmake_link_script CMakeFiles/cmTC_584ba.dir/link.txt --verbose=1
/usr/bin/cc   -DCHECK_FUNCTION_EXISTS=pthread_create    CMakeFiles/cmTC_584ba.dir/CheckFunctionExists.c.o  -o cmTC_584ba -rdynamic -lpthreads 
/usr/bin/ld: 找不到 -lpthreads
collect2: error: ld returned 1 exit status
CMakeFiles/cmTC_584ba.dir/build.make:97: recipe for target 'cmTC_584ba' failed
make[1]: *** [cmTC_584ba] Error 1
make[1]: Leaving directory '/home/he/ROS_Code/dua_velodye/build/CMakeFiles/CMakeTmp'
Makefile:126: recipe for target 'cmTC_584ba/fast' failed
make: *** [cmTC_584ba/fast] Error 2


